<?xml version='1.0' encoding='UTF-8'?>
<testsuite hostname="DNa1d6327.SUNet" name="spatial.tests.WhisperScaleTest" tests="1" errors="0" failures="0" skipped="0" time="3.268" timestamp="2025-06-03T15:43:45">
          <properties>
      <property name="awt.toolkit" value="sun.lwawt.macosx.LWCToolkit"/><property name="java.specification.version" value="11"/><property name="sun.cpu.isalist" value=""/><property name="sun.jnu.encoding" value="UTF-8"/><property name="sun.arch.data.model" value="64"/><property name="java.vendor.url" value="https://adoptium.net/"/><property name="test.CS217" value="true"/><property name="sun.boot.library.path" value="/Users/williambriger/.sdkman/candidates/java/11.0.22-tem/lib"/><property name="sun.java.command" value="/Users/williambriger/.sdkman/candidates/sbt/1.8.2/bin/sbt-launch.jar ; testOnly spatial.tests.WhisperScaleTest"/><property name="jdk.debug" value="release"/><property name="java.specification.vendor" value="Oracle Corporation"/><property name="java.version.date" value="2024-01-16"/><property name="java.home" value="/Users/williambriger/.sdkman/candidates/java/11.0.22-tem"/><property name="file.separator" value="/"/><property name="java.vm.compressedOopsMode" value="Zero based"/><property name="line.separator" value="
"/><property name="java.specification.name" value="Java Platform API Specification"/><property name="java.vm.specification.vendor" value="Oracle Corporation"/><property name="sun.management.compiler" value="HotSpot 64-Bit Tiered Compilers"/><property name="java.runtime.version" value="11.0.22+7"/><property name="user.name" value="williambriger"/><property name="log4j.ignoreTCL" value="true"/><property name="file.encoding" value="UTF-8"/><property name="java.vendor.version" value="Temurin-11.0.22+7"/><property name="java.io.tmpdir" value="/var/folders/b6/sm50b7zj1f1fpx0f39dqt15m0000gn/T/"/><property name="java.version" value="11.0.22"/><property name="java.vm.specification.name" value="Java Virtual Machine Specification"/><property name="java.awt.printerjob" value="sun.lwawt.macosx.CPrinterJob"/><property name="sun.os.patch.level" value="unknown"/><property name="java.library.path" value="/Users/williambriger/Library/Java/Extensions:/Library/Java/Extensions:/Network/Library/Java/Extensions:/System/Library/Java/Extensions:/usr/lib/java:."/><property name="java.vendor" value="Eclipse Adoptium"/><property name="java.specification.maintenance.version" value="2"/><property name="scala.ext.dirs" value="/Users/williambriger/.sbt/1.0/java9-rt-ext-eclipse_adoptium_11_0_22"/><property name="sun.io.unicode.encoding" value="UnicodeBig"/><property name="socksNonProxyHosts" value="local|*.local|169.254/16|*.169.254/16"/><property name="gopherProxySet" value="false"/><property name="java.class.path" value="/Users/williambriger/.sdkman/candidates/sbt/1.8.2/bin/sbt-launch.jar"/><property name="java.vm.vendor" value="Eclipse Adoptium"/><property name="jline.shutdownhook" value="false"/><property name="user.timezone" value="America/Los_Angeles"/><property name="os.name" value="Mac OS X"/><property name="java.vm.specification.version" value="11"/><property name="sun.java.launcher" value="SUN_STANDARD"/><property name="user.country" value="US"/><property name="http.nonProxyHosts" value="local|*.local|169.254/16|*.169.254/16"/><property name="sun.cpu.endian" value="little"/><property name="user.home" value="/Users/williambriger"/><property name="user.language" value="en"/><property name="sbt.script" value="/Users/williambriger/.sdkman/candidates/sbt/current/bin/sbt"/><property name="sbt.ipcsocket.tmpdir" value="/var/folders/b6/sm50b7zj1f1fpx0f39dqt15m0000gn/T/.sbta6b99a28/ipcsocket"/><property name="swoval.tmpdir" value="/var/folders/b6/sm50b7zj1f1fpx0f39dqt15m0000gn/T/.sbta6b99a28/swoval"/><property name="java.awt.graphicsenv" value="sun.awt.CGraphicsEnvironment"/><property name="jline.esc.timeout" value="0"/><property name="ftp.nonProxyHosts" value="local|*.local|169.254/16|*.169.254/16"/><property name="path.separator" value=":"/><property name="os.version" value="15.5"/><property name="jna.nosys" value="true"/><property name="java.runtime.name" value="OpenJDK Runtime Environment"/><property name="java.vm.name" value="OpenJDK 64-Bit Server VM"/><property name="java.vendor.url.bug" value="https://github.com/adoptium/adoptium-support/issues"/><property name="user.dir" value="/Users/williambriger/Documents/Stanford/Junior Year /Spring Quarter/EE 109/ee109-1/Final-Project/fpga"/><property name="os.arch" value="aarch64"/><property name="java.vm.info" value="mixed mode"/><property name="java.vm.version" value="11.0.22+7"/><property name="java.class.version" value="55.0"/>
    </properties>
          <testcase classname="spatial.tests.WhisperScaleTest" name=" should compile, run, and verify for backend CS217" time="3.268">
                      
                    </testcase>
          <system-out><![CDATA[]]></system-out>
          <system-err><![CDATA[]]></system-err>
        </testsuite>